build/app/outputs/mapping/release/mapping.txt
# compiler: R8
# compiler_version: 1.5.64
# min_api: 16
# pg_map_id: de1a240
...
com.google.firebase.installations.remote.InstallationResponse$Builder -> com.google.firebase.installations.r.d$a:
    com.google.firebase.installations.remote.InstallationResponse build() -> a
    com.google.firebase.installations.remote.InstallationResponse$Builder setAuthToken(com.google.firebase.installations.remote.TokenResult) -> a
    com.google.firebase.installations.remote.InstallationResponse$Builder setFid(java.lang.String) -> a
    com.google.firebase.installations.remote.InstallationResponse$Builder setResponseCode(com.google.firebase.installations.remote.InstallationResponse$ResponseCode) -> a
    com.google.firebase.installations.remote.InstallationResponse$Builder setRefreshToken(java.lang.String) -> b
    com.google.firebase.installations.remote.InstallationResponse$Builder setUri(java.lang.String) -> c
com.google.firebase.installations.remote.InstallationResponse$ResponseCode -> com.google.firebase.installations.r.d$b:
    com.google.firebase.installations.remote.InstallationResponse$ResponseCode BAD_CONFIG -> c
    com.google.firebase.installations.remote.InstallationResponse$ResponseCode OK -> b
    com.google.firebase.installations.remote.InstallationResponse$ResponseCode[] $VALUES -> d
com.google.firebase.installations.remote.TokenResult -> com.google.firebase.installations.r.e:
    com.google.firebase.installations.remote.TokenResult$ResponseCode getResponseCode() -> a
    java.lang.String getToken() -> b
    long getTokenExpirationTimestamp() -> c
    com.google.firebase.installations.remote.TokenResult$Builder builder() -> d
com.google.firebase.installations.remote.TokenResult$Builder -> com.google.firebase.installations.r.e$a:
    com.google.firebase.installations.remote.TokenResult build() -> a
    com.google.firebase.installations.remote.TokenResult$Builder setResponseCode(com.google.firebase.installations.remote.TokenResult$ResponseCode) -> a
    com.google.firebase.installations.remote.TokenResult$Builder setToken(java.lang.String) -> a
    com.google.firebase.installations.remote.TokenResult$Builder setTokenExpirationTimestamp(long) -> a
com.google.firebase.installations.remote.TokenResult$ResponseCode -> com.google.firebase.installations.r.e$b:
    com.google.firebase.installations.remote.TokenResult$ResponseCode[] $VALUES -> e
    com.google.firebase.installations.remote.TokenResult$ResponseCode OK -> b
    com.google.firebase.installations.remote.TokenResult$ResponseCode AUTH_ERROR -> d
    com.google.firebase.installations.remote.TokenResult$ResponseCode BAD_CONFIG -> c
com.google.firebase.internal.DataCollectionConfigStorage -> b.a.b.n.a:
    android.content.Context applicationContext -> a
    com.google.firebase.events.Publisher publisher -> c
    java.util.concurrent.atomic.AtomicBoolean dataCollectionDefaultEnabled -> d
    android.content.SharedPreferences sharedPreferences -> b
    android.content.Context directBootSafe(android.content.Context) -> a
    boolean isEnabled() -> a
    void setEnabled(boolean) -> a
    boolean readAutoDataCollectionEnabled() -> b
com.google.firebase.internal.InternalTokenProvider -> b.a.b.n.b:
com.google.firebase.internal.InternalTokenResult -> b.a.b.n.c:
    java.lang.String zza -> a
    java.lang.String getToken() -> a
com.google.firebase.internal.api.FirebaseNoSignedInUserException -> b.a.b.n.d.a:
com.google.firebase.platforminfo.AutoValue_LibraryVersion -> b.a.b.o.a:
    java.lang.String libraryName -> a
    java.lang.String version -> b
    java.lang.String getLibraryName() -> a
    java.lang.String getVersion() -> b